<?xml version="1.0" encoding="UTF-8"?>
<testsuite name="ServicesApiTest" tests="3" skipped="0" failures="0" errors="0" timestamp="2020-12-03T14:25:14" hostname="NLAMSHQ3975204L" time="3.472">
  <properties/>
  <testcase name="createService_checkId_ShouldReturnService" classname="ServicesApiTest" time="3.08">
    <system-out><![CDATA[Request URI:	http://localhost:3030/services
Body:
{"name":"New Service"}
HTTP/1.1 201 Created
{"id":45,"name":"New Service","updatedAt":"2020-12-03T14:25:16.585Z","createdAt":"2020-12-03T14:25:16.585Z"}
]]></system-out>
    <system-err><![CDATA[]]></system-err>
  </testcase>
  <testcase name="getServices_DefaultLimit_ShouldReturn10Results" classname="ServicesApiTest" time="0.12">
    <system-out><![CDATA[Request URI:	http://localhost:3030/services
Body:			<none>
HTTP/1.1 200 OK
{"total":45,"limit":10,"skip":0,"data":[{"id":1,"name":"Geek Squad Services","createdAt":"2016-11-17T17:56:35.881Z","updatedAt":"2016-11-17T17:56:35.881Z"},{"id":2,"name":"Best Buy Mobile","createdAt":"2016-11-17T17:56:35.881Z","updatedAt":"2016-11-17T17:56:35.881Z"},{"id":3,"name":"Best Buy For Business","createdAt":"2016-11-17T17:56:35.881Z","updatedAt":"2016-11-17T17:56:35.881Z"},{"id":4,"name":"Apple Shop","createdAt":"2016-11-17T17:56:35.881Z","updatedAt":"2016-11-17T17:56:35.881Z"},{"id":5,"name":"Hablamos Español","createdAt":"2016-11-17T17:56:35.881Z","updatedAt":"2016-11-17T17:56:35.881Z"},{"id":6,"name":"Camera Experience Shop ","createdAt":"2016-11-17T17:56:35.881Z","updatedAt":"2016-11-17T17:56:35.881Z"},{"id":7,"name":"Electronics Recycling","createdAt":"2016-11-17T17:56:35.881Z","updatedAt":"2016-11-17T17:56:35.881Z"},{"id":8,"name":"Magnolia Home Theater","createdAt":"2016-11-17T17:56:35.881Z","updatedAt":"2016-11-17T17:56:35.881Z"},{"id":9,"name":"Samsung Experience Shop","createdAt":"2016-11-17T17:56:35.881Z","updatedAt":"2016-11-17T17:56:35.881Z"},{"id":10,"name":"Windows Store","createdAt":"2016-11-17T17:56:35.881Z","updatedAt":"2016-11-17T17:56:35.881Z"}]}
]]></system-out>
    <system-err><![CDATA[]]></system-err>
  </testcase>
  <testcase name="getServices_SortByNameAscending_ShouldReturnSortedResults" classname="ServicesApiTest" time="0.27">
    <system-out><![CDATA[Request URI:	http://localhost:3030/services?%24sort%5Bname%5D=1
Body:			<none>
HTTP/1.1 200 OK
{"total":45,"limit":10,"skip":0,"data":[{"id":4,"name":"Apple Shop","createdAt":"2016-11-17T17:56:35.881Z","updatedAt":"2016-11-17T17:56:35.881Z"},{"id":21,"name":"Appliance Outlet","createdAt":"2016-11-17T17:56:35.881Z","updatedAt":"2016-11-17T17:56:35.881Z"},{"id":3,"name":"Best Buy For Business","createdAt":"2016-11-17T17:56:35.881Z","updatedAt":"2016-11-17T17:56:35.881Z"},{"id":15,"name":"Best Buy Marine Powered by Geek Squad","createdAt":"2016-11-17T17:56:35.881Z","updatedAt":"2016-11-17T17:56:35.881Z"},{"id":2,"name":"Best Buy Mobile","createdAt":"2016-11-17T17:56:35.881Z","updatedAt":"2016-11-17T17:56:35.881Z"},{"id":20,"name":"Best Buy Mobile Specialty Store","createdAt":"2016-11-17T17:56:35.881Z","updatedAt":"2016-11-17T17:56:35.881Z"},{"id":6,"name":"Camera Experience Shop ","createdAt":"2016-11-17T17:56:35.881Z","updatedAt":"2016-11-17T17:56:35.881Z"},{"id":12,"name":"Car & GPS Installation Services","createdAt":"2016-11-17T17:56:35.881Z","updatedAt":"2016-11-17T17:56:35.881Z"},{"id":7,"name":"Electronics Recycling","createdAt":"2016-11-17T17:56:35.881Z","updatedAt":"2016-11-17T17:56:35.881Z"},{"id":1,"name":"Geek Squad Services","createdAt":"2016-11-17T17:56:35.881Z","updatedAt":"2016-11-17T17:56:35.881Z"}]}
]]></system-out>
    <system-err><![CDATA[]]></system-err>
  </testcase>
  <system-out><![CDATA[]]></system-out>
  <system-err><![CDATA[]]></system-err>
</testsuite>
