<?xml version="1.0" encoding="UTF-8"?>
<testng-results ignored="0" total="4" passed="4" failed="0" skipped="0">
  <reporter-output>
  </reporter-output>
  <suite started-at="2020-12-03T15:25:14 CET" name="BestBuy API Test Suite" finished-at="2020-12-03T15:25:18 CET" duration-ms="3581">
    <groups>
    </groups>
    <test started-at="2020-12-03T15:25:14 CET" name="Gradle test" finished-at="2020-12-03T15:25:18 CET" duration-ms="3581">
      <class name="ServicesApiTest">
        <test-method is-config="true" signature="getApiUrl()[pri:0, instance:ServicesApiTest@7ede6d85]" started-at="2020-12-03T15:25:14 CET" name="getApiUrl" finished-at="2020-12-03T15:25:14 CET" duration-ms="10" status="PASS">
          <reporter-output>
          </reporter-output>
        </test-method> <!-- getApiUrl -->
        <test-method signature="createService_checkId_ShouldReturnService()[pri:0, instance:ServicesApiTest@7ede6d85]" started-at="2020-12-03T15:25:14 CET" name="createService_checkId_ShouldReturnService" finished-at="2020-12-03T15:25:17 CET" duration-ms="3080" status="PASS">
          <reporter-output>
          </reporter-output>
        </test-method> <!-- createService_checkId_ShouldReturnService -->
        <test-method signature="getServices_DefaultLimit_ShouldReturn10Results()[pri:0, instance:ServicesApiTest@7ede6d85]" started-at="2020-12-03T15:25:17 CET" name="getServices_DefaultLimit_ShouldReturn10Results" finished-at="2020-12-03T15:25:17 CET" duration-ms="120" status="PASS">
          <reporter-output>
          </reporter-output>
        </test-method> <!-- getServices_DefaultLimit_ShouldReturn10Results -->
        <test-method signature="getServices_SortByNameAscending_ShouldReturnSortedResults()[pri:0, instance:ServicesApiTest@7ede6d85]" started-at="2020-12-03T15:25:17 CET" name="getServices_SortByNameAscending_ShouldReturnSortedResults" finished-at="2020-12-03T15:25:18 CET" duration-ms="270" status="PASS">
          <reporter-output>
          </reporter-output>
        </test-method> <!-- getServices_SortByNameAscending_ShouldReturnSortedResults -->
      </class> <!-- ServicesApiTest -->
      <class name="StoresApiTest">
        <test-method is-config="true" signature="getApiUrl()[pri:0, instance:StoresApiTest@19db2add]" started-at="2020-12-03T15:25:14 CET" name="getApiUrl" finished-at="2020-12-03T15:25:14 CET" duration-ms="1" status="PASS">
          <reporter-output>
          </reporter-output>
        </test-method> <!-- getApiUrl -->
        <test-method signature="getStores_DefaultLimit_ShouldReturn10Results()[pri:0, instance:StoresApiTest@19db2add]" started-at="2020-12-03T15:25:18 CET" name="getStores_DefaultLimit_ShouldReturn10Results" finished-at="2020-12-03T15:25:18 CET" duration-ms="75" status="PASS">
          <reporter-output>
          </reporter-output>
        </test-method> <!-- getStores_DefaultLimit_ShouldReturn10Results -->
      </class> <!-- StoresApiTest -->
    </test> <!-- Gradle test -->
  </suite> <!-- BestBuy API Test Suite -->
</testng-results>
